sending: version      (46 bytes)  




















Bitcoin CMyApp::OnInit()
Loading addresses...
dbenv.open strAppDir=C:\Users\501200A150\AppData\Roaming\Bitcoin
mapAddresses:
-----
 addresses                5043065
Loading block index...
000000000019d6689c085ae165831e934ff763ae46a2a6c172b3f1b60a8ce26f
4a5e1e4baab89f3a32518a88c31bc87f618f76673e2cc77ab2127b7afdeda33b
000000000019d6689c085ae165831e934ff763ae46a2a6c172b3f1b60a8ce26f
0x5F1DF16B2B704C8A578D0BBAF74D385CDE12C11EE50455F3C438EF4C3FBCF649B6DE611FEAE06279A60939E028A8D65C10B73071A6F16719274855FEB0FD8A6704 OP_CHECKSIG
CBlock(hash=000000000019d6, ver=1, hashPrevBlock=00000000000000, hashMerkleRoot=4a5e1e, nTime=1231006505, nBits=1d00ffff, nNonce=2083236893, vtx=1)
  CTransaction(hash=4a5e1e, ver=1, vin.size=1, vout.size=1, nLockTime=0)
    CTxIn(COutPoint(000000, -1), coinbase 04ffff001d0104455468652054696d65732030332f4a616e2f32303039204368616e63656c6c6f72206f6e206272696e6b206f66207365636f6e64206261696c6f757420666f722062616e6b73)
    CTxOut(nValue=50.00000000, scriptPubKey=0x5F1DF16B2B704C8A578D0B)
  vMerkleTree: 4a5e1e 
AddToBlockIndex: new best=000000000019d6  height=0
RelayWalletTransactions()
 block index              2483143
Loading wallet...
fGenerateBitcoins = 0
nTransactionFee = 0
addrIncoming = 0.0.0.0:0
 wallet                  13580236
Done loading
mapBlockIndex.size() = 1
nBestHeight = 0
mapKeys.size() = 1
mapPubKeys.size() = 1
mapWallet.size() = 0
mapAddressBook.size() = 1
addrLocalHost = 43.88.105.104:8333
bound to addrLocalHost = 43.88.105.104:8333

ERROR: GetMyExternalIP() : connection to 70.86.96.218:80 failed

ERROR: GetMyExternalIP() : connection to 208.78.68.70:80 failed

IRC socket closed
GetMyExternalIP() received [103.240.131.37] 103.240.131.37:8333
ThreadSocketHandler started
ThreadOpenConnections started
ThreadMessageHandler started
RefreshListCtrl starting
RefreshListCtrl done
DBFlush(false)
StopNode()
IRC socket closed
DBFlush(true)
Bitcoin exiting
